<?xml version="1.0" encoding="UTF-8"?>
<testsuite xmlns:xsi="http://www.w3.org/2001/XMLSchema-instance" xsi:noNamespaceSchemaLocation="https://maven.apache.org/surefire/maven-surefire-plugin/xsd/surefire-test-report-3.0.xsd" version="3.0" name="ua.pt.CarApp.ex3_IntegrationTest" time="3.535" tests="3" errors="0" skipped="0" failures="0">
  <properties>
[...]
</properties>
  <testcase name="givenCars_whenGetCars_thenStatus200" classname="ua.pt.CarApp.ex3_IntegrationTest" time="0.666">
    <system-out><![CDATA[17:49:40.518 [main] INFO org.springframework.test.context.support.AnnotationConfigContextLoaderUtils -- Could not detect default configuration classes for test class [ua.pt.CarApp.ex3_IntegrationTest]: ex3_IntegrationTest does not declare any static, non-private, non-final, nested classes annotated with @Configuration.
17:49:40.619 [main] INFO org.springframework.boot.test.context.SpringBootTestContextBootstrapper -- Found @SpringBootConfiguration ua.pt.CarApp.CarAppApplication for test class ua.pt.CarApp.ex3_IntegrationTest
17:49:40.718 [main] INFO org.springframework.boot.devtools.restart.RestartApplicationListener -- Restart disabled due to context in which it is running

  .   ____          _            __ _ _
 /\\ / ___'_ __ _ _(_)_ __  __ _ \ \ \ \
( ( )\___ | '_ | '_| | '_ \/ _` | \ \ \ \
 \\/  ___)| |_)| | | | | || (_| |  ) ) ) )
  '  |____| .__|_| |_|_| |_\__, | / / / /
 =========|_|==============|___/=/_/_/_/
 :: Spring Boot ::                (v3.2.3)

2024-03-21T17:49:40.911Z  INFO 19553 --- [           main] ua.pt.CarApp.ex3_IntegrationTest         : Starting ex3_IntegrationTest using Java 17.0.10 with PID 19553 (started by pedro in /home/pedro/UA/3_ano/2_semestre/TQS/TQS_109986/lab3/lab3_2)
2024-03-21T17:49:40.912Z  INFO 19553 --- [           main] ua.pt.CarApp.ex3_IntegrationTest         : No active profile set, falling back to 1 default profile: "default"
2024-03-21T17:49:41.286Z  INFO 19553 --- [           main] .s.d.r.c.RepositoryConfigurationDelegate : Bootstrapping Spring Data JPA repositories in DEFAULT mode.
2024-03-21T17:49:41.312Z  INFO 19553 --- [           main] .s.d.r.c.RepositoryConfigurationDelegate : Finished Spring Data repository scanning in 23 ms. Found 1 JPA repository interface.
2024-03-21T17:49:41.593Z  INFO 19553 --- [           main] o.s.b.w.embedded.tomcat.TomcatWebServer  : Tomcat initialized with port 0 (http)
2024-03-21T17:49:41.601Z  INFO 19553 --- [           main] o.apache.catalina.core.StandardService   : Starting service [Tomcat]
2024-03-21T17:49:41.601Z  INFO 19553 --- [           main] o.apache.catalina.core.StandardEngine    : Starting Servlet engine: [Apache Tomcat/10.1.19]
2024-03-21T17:49:41.638Z  INFO 19553 --- [           main] o.a.c.c.C.[Tomcat].[localhost].[/]       : Initializing Spring embedded WebApplicationContext
2024-03-21T17:49:41.639Z  INFO 19553 --- [           main] w.s.c.ServletWebServerApplicationContext : Root WebApplicationContext: initialization completed in 715 ms
2024-03-21T17:49:41.742Z  INFO 19553 --- [           main] o.hibernate.jpa.internal.util.LogHelper  : HHH000204: Processing PersistenceUnitInfo [name: default]
2024-03-21T17:49:41.768Z  INFO 19553 --- [           main] org.hibernate.Version                    : HHH000412: Hibernate ORM core version 6.4.4.Final
2024-03-21T17:49:41.786Z  INFO 19553 --- [           main] o.h.c.internal.RegionFactoryInitiator    : HHH000026: Second-level cache disabled
2024-03-21T17:49:41.914Z  INFO 19553 --- [           main] o.s.o.j.p.SpringPersistenceUnitInfo      : No LoadTimeWeaver setup: ignoring JPA class transformer
2024-03-21T17:49:41.928Z  INFO 19553 --- [           main] com.zaxxer.hikari.HikariDataSource       : HikariPool-1 - Starting...
2024-03-21T17:49:42.164Z  INFO 19553 --- [           main] com.zaxxer.hikari.pool.HikariPool        : HikariPool-1 - Added connection com.mysql.cj.jdbc.ConnectionImpl@1d444652
2024-03-21T17:49:42.165Z  INFO 19553 --- [           main] com.zaxxer.hikari.HikariDataSource       : HikariPool-1 - Start completed.
2024-03-21T17:49:42.197Z  WARN 19553 --- [           main] org.hibernate.dialect.Dialect            : HHH000511: The 5.7.41 version for [org.hibernate.dialect.MySQLDialect] is no longer supported, hence certain features may not work properly. The minimum supported version is 8.0.0. Check the community dialects project for available legacy versions.
2024-03-21T17:49:42.661Z  INFO 19553 --- [           main] o.h.e.t.j.p.i.JtaPlatformInitiator       : HHH000489: No JTA platform available (set 'hibernate.transaction.jta.platform' to enable JTA platform integration)
2024-03-21T17:49:42.706Z  INFO 19553 --- [           main] j.LocalContainerEntityManagerFactoryBean : Initialized JPA EntityManagerFactory for persistence unit 'default'
2024-03-21T17:49:42.915Z  WARN 19553 --- [           main] JpaBaseConfiguration$JpaWebConfiguration : spring.jpa.open-in-view is enabled by default. Therefore, database queries may be performed during view rendering. Explicitly configure spring.jpa.open-in-view to disable this warning
2024-03-21T17:49:43.213Z  INFO 19553 --- [           main] o.s.b.w.embedded.tomcat.TomcatWebServer  : Tomcat started on port 40403 (http) with context path ''
2024-03-21T17:49:43.221Z  INFO 19553 --- [           main] ua.pt.CarApp.ex3_IntegrationTest         : Started ex3_IntegrationTest in 2.51 seconds (process running for 3.111)
2024-03-21T17:49:43.694Z  INFO 19553 --- [o-auto-1-exec-1] o.a.c.c.C.[Tomcat].[localhost].[/]       : Initializing Spring DispatcherServlet 'dispatcherServlet'
2024-03-21T17:49:43.694Z  INFO 19553 --- [o-auto-1-exec-1] o.s.web.servlet.DispatcherServlet        : Initializing Servlet 'dispatcherServlet'
2024-03-21T17:49:43.695Z  INFO 19553 --- [o-auto-1-exec-1] o.s.web.servlet.DispatcherServlet        : Completed initialization in 1 ms
]]></system-out>
  </testcase>
  <testcase name="whenInvalidInput_thenReturnEmpty" classname="ua.pt.CarApp.ex3_IntegrationTest" time="0.02"/>
  <testcase name="whenValidInput_thenCreateCar" classname="ua.pt.CarApp.ex3_IntegrationTest" time="0.024"/>
</testsuite>