<?xml version="1.0" encoding="UTF-8"?>
<testsuite xmlns:xsi="http://www.w3.org/2001/XMLSchema-instance" xsi:noNamespaceSchemaLocation="https://maven.apache.org/surefire/maven-surefire-plugin/xsd/surefire-test-report-3.0.xsd" version="3.0" name="ua.pt.CarApp.ex3_IntegrationTest" time="5.769" tests="3" errors="0" skipped="0" failures="0">
  <properties>
[...]
</properties>
  <testcase name="givenCars_whenGetCars_thenStatus200" classname="ua.pt.CarApp.ex3_IntegrationTest" time="0.925">
    <system-out><![CDATA[17:32:56.959 [main] INFO org.springframework.test.context.support.AnnotationConfigContextLoaderUtils -- Could not detect default configuration classes for test class [ua.pt.CarApp.ex3_IntegrationTest]: ex3_IntegrationTest does not declare any static, non-private, non-final, nested classes annotated with @Configuration.
17:32:57.121 [main] INFO org.springframework.boot.test.context.SpringBootTestContextBootstrapper -- Found @SpringBootConfiguration ua.pt.CarApp.CarAppApplication for test class ua.pt.CarApp.ex3_IntegrationTest
17:32:57.318 [main] INFO org.springframework.boot.devtools.restart.RestartApplicationListener -- Restart disabled due to context in which it is running

  .   ____          _            __ _ _
 /\\ / ___'_ __ _ _(_)_ __  __ _ \ \ \ \
( ( )\___ | '_ | '_| | '_ \/ _` | \ \ \ \
 \\/  ___)| |_)| | | | | || (_| |  ) ) ) )
  '  |____| .__|_| |_|_| |_\__, | / / / /
 =========|_|==============|___/=/_/_/_/
 :: Spring Boot ::                (v3.2.3)

2024-03-23T17:32:57.601Z  INFO 45647 --- [           main] ua.pt.CarApp.ex3_IntegrationTest         : Starting ex3_IntegrationTest using Java 17.0.10 with PID 45647 (started by pedro in /home/pedro/UA/3_ano/2_semestre/TQS/TQS_109986/lab6/lab6_2)
2024-03-23T17:32:57.602Z  INFO 45647 --- [           main] ua.pt.CarApp.ex3_IntegrationTest         : No active profile set, falling back to 1 default profile: "default"
2024-03-23T17:32:58.281Z  INFO 45647 --- [           main] .s.d.r.c.RepositoryConfigurationDelegate : Bootstrapping Spring Data JPA repositories in DEFAULT mode.
2024-03-23T17:32:58.344Z  INFO 45647 --- [           main] .s.d.r.c.RepositoryConfigurationDelegate : Finished Spring Data repository scanning in 50 ms. Found 1 JPA repository interface.
2024-03-23T17:32:58.848Z  INFO 45647 --- [           main] o.s.b.w.embedded.tomcat.TomcatWebServer  : Tomcat initialized with port 0 (http)
2024-03-23T17:32:58.865Z  INFO 45647 --- [           main] o.apache.catalina.core.StandardService   : Starting service [Tomcat]
2024-03-23T17:32:58.866Z  INFO 45647 --- [           main] o.apache.catalina.core.StandardEngine    : Starting Servlet engine: [Apache Tomcat/10.1.19]
2024-03-23T17:32:58.917Z  INFO 45647 --- [           main] o.a.c.c.C.[Tomcat].[localhost].[/]       : Initializing Spring embedded WebApplicationContext
2024-03-23T17:32:58.918Z  INFO 45647 --- [           main] w.s.c.ServletWebServerApplicationContext : Root WebApplicationContext: initialization completed in 1289 ms
2024-03-23T17:32:59.092Z  INFO 45647 --- [           main] o.hibernate.jpa.internal.util.LogHelper  : HHH000204: Processing PersistenceUnitInfo [name: default]
2024-03-23T17:32:59.152Z  INFO 45647 --- [           main] org.hibernate.Version                    : HHH000412: Hibernate ORM core version 6.4.4.Final
2024-03-23T17:32:59.189Z  INFO 45647 --- [           main] o.h.c.internal.RegionFactoryInitiator    : HHH000026: Second-level cache disabled
2024-03-23T17:32:59.422Z  INFO 45647 --- [           main] o.s.o.j.p.SpringPersistenceUnitInfo      : No LoadTimeWeaver setup: ignoring JPA class transformer
2024-03-23T17:32:59.456Z  INFO 45647 --- [           main] com.zaxxer.hikari.HikariDataSource       : HikariPool-1 - Starting...
2024-03-23T17:32:59.789Z  INFO 45647 --- [           main] com.zaxxer.hikari.pool.HikariPool        : HikariPool-1 - Added connection com.mysql.cj.jdbc.ConnectionImpl@26772e54
2024-03-23T17:32:59.791Z  INFO 45647 --- [           main] com.zaxxer.hikari.HikariDataSource       : HikariPool-1 - Start completed.
2024-03-23T17:32:59.878Z  WARN 45647 --- [           main] org.hibernate.dialect.Dialect            : HHH000511: The 5.7.41 version for [org.hibernate.dialect.MySQLDialect] is no longer supported, hence certain features may not work properly. The minimum supported version is 8.0.0. Check the community dialects project for available legacy versions.
2024-03-23T17:33:00.764Z  INFO 45647 --- [           main] o.h.e.t.j.p.i.JtaPlatformInitiator       : HHH000489: No JTA platform available (set 'hibernate.transaction.jta.platform' to enable JTA platform integration)
2024-03-23T17:33:00.820Z  INFO 45647 --- [           main] j.LocalContainerEntityManagerFactoryBean : Initialized JPA EntityManagerFactory for persistence unit 'default'
2024-03-23T17:33:01.143Z  WARN 45647 --- [           main] JpaBaseConfiguration$JpaWebConfiguration : spring.jpa.open-in-view is enabled by default. Therefore, database queries may be performed during view rendering. Explicitly configure spring.jpa.open-in-view to disable this warning
2024-03-23T17:33:01.521Z  INFO 45647 --- [           main] o.s.b.w.embedded.tomcat.TomcatWebServer  : Tomcat started on port 44605 (http) with context path ''
2024-03-23T17:33:01.529Z  INFO 45647 --- [           main] ua.pt.CarApp.ex3_IntegrationTest         : Started ex3_IntegrationTest in 4.226 seconds (process running for 5.371)
2024-03-23T17:33:02.116Z  INFO 45647 --- [o-auto-1-exec-1] o.a.c.c.C.[Tomcat].[localhost].[/]       : Initializing Spring DispatcherServlet 'dispatcherServlet'
2024-03-23T17:33:02.116Z  INFO 45647 --- [o-auto-1-exec-1] o.s.web.servlet.DispatcherServlet        : Initializing Servlet 'dispatcherServlet'
2024-03-23T17:33:02.117Z  INFO 45647 --- [o-auto-1-exec-1] o.s.web.servlet.DispatcherServlet        : Completed initialization in 1 ms
]]></system-out>
  </testcase>
  <testcase name="whenInvalidInput_thenReturnEmpty" classname="ua.pt.CarApp.ex3_IntegrationTest" time="0.03"/>
  <testcase name="whenValidInput_thenCreateCar" classname="ua.pt.CarApp.ex3_IntegrationTest" time="0.026"/>
</testsuite>