<?xml version="1.0" encoding="UTF-8"?>
<testsuite xmlns:xsi="http://www.w3.org/2001/XMLSchema-instance" xsi:noNamespaceSchemaLocation="https://maven.apache.org/surefire/maven-surefire-plugin/xsd/surefire-test-report-3.0.xsd" version="3.0" name="ua.pt.CucumberTest" time="0.137" tests="7" errors="0" skipped="0" failures="0">
  <properties>
[...]
</properties>
  <testcase name="Addition" classname="Basic Arithmetic" time="0.065">
    <system-out><![CDATA[17:25:04.536 [main] DEBUG ua.pt.CalculatorSteps -- Adding 4 and 5
17:25:04.539 [main] DEBUG ua.pt.CalculatorSteps -- Result: 9.0 (expected 9.0)
]]></system-out>
  </testcase>
  <testcase name="Substraction" classname="Basic Arithmetic" time="0.003">
    <system-out><![CDATA[17:25:04.544 [main] DEBUG ua.pt.CalculatorSteps -- Substracting 7 and 2
17:25:04.545 [main] DEBUG ua.pt.CalculatorSteps -- Result: 5.0 (expected 5.0)
]]></system-out>
  </testcase>
  <testcase name="Multiplication" classname="Basic Arithmetic" time="0.003">
    <system-out><![CDATA[17:25:04.554 [main] DEBUG ua.pt.CalculatorSteps -- Multiplying 3 and 3
17:25:04.555 [main] DEBUG ua.pt.CalculatorSteps -- Result: 9.0 (expected 9.0)
]]></system-out>
  </testcase>
  <testcase name="Division" classname="Basic Arithmetic" time="0.004">
    <system-out><![CDATA[17:25:04.558 [main] DEBUG ua.pt.CalculatorSteps -- Dividing 3 and 3
17:25:04.558 [main] DEBUG ua.pt.CalculatorSteps -- Result: 1.0 (expected 1.0)
]]></system-out>
  </testcase>
  <testcase name="Division by zero" classname="Basic Arithmetic" time="0.005">
    <system-out><![CDATA[17:25:04.563 [main] DEBUG ua.pt.CalculatorSteps -- Dividing 5 and 0
17:25:04.563 [main] DEBUG ua.pt.CalculatorSteps -- Result: Infinity (expected Infinity)
]]></system-out>
  </testcase>
  <testcase name="Example #1.1" classname="Single digits" time="0.002">
    <system-out><![CDATA[17:25:04.548 [main] DEBUG ua.pt.CalculatorSteps -- Adding 1 and 2
17:25:04.548 [main] DEBUG ua.pt.CalculatorSteps -- Result: 3.0 (expected 3.0)
]]></system-out>
  </testcase>
  <testcase name="Example #1.2" classname="Single digits" time="0.003">
    <system-out><![CDATA[17:25:04.551 [main] DEBUG ua.pt.CalculatorSteps -- Adding 3 and 7
17:25:04.551 [main] DEBUG ua.pt.CalculatorSteps -- Result: 10.0 (expected 10.0)
]]></system-out>
  </testcase>
</testsuite>