<?xml version="1.0" encoding="UTF-8"?>
<testsuite xmlns:xsi="http://www.w3.org/2001/XMLSchema-instance" xsi:noNamespaceSchemaLocation="https://maven.apache.org/surefire/maven-surefire-plugin/xsd/surefire-test-report-3.0.xsd" version="3.0" name="ua.pt.AppTest" time="0.634" tests="2" errors="0" skipped="0" failures="0">
  <properties>
[...]
</properties>
  <testcase name="whenBadCoordidates_thenReturnNoValidAddress" classname="ua.pt.AppTest" time="0.61"/>
  <testcase name="whenResolveDetiGps_returnJacintoMagalhaeAddress" classname="ua.pt.AppTest" time="0.004"/>
</testsuite>